# JRE version: OpenJDK Runtime Environment (11.0.10) (build 11.0.10+0-b96-7249189)
# Java VM: OpenJDK 64-Bit Server VM (11.0.10+0-b96-7249189, mixed mode, tiered, compressed oops, g1 gc, windows-amd64)
Heap:
 garbage-first heap   total 236544K, used 55554K [0x0000000080000000, 0x0000000100000000)
  region size 1024K, 12 young (12288K), 12 survivors (12288K)
 Metaspace       used 46699K, capacity 48041K, committed 48256K, reserved 1091584K
  class space    used 5968K, capacity 6438K, committed 6528K, reserved 1048576K
GC Heap History (17 events):
Event: 0.872 GC heap before
{Heap before GC invocations=0 (full 0):
 garbage-first heap   total 196608K, used 19456K [0x0000000080000000, 0x0000000100000000)
  region size 1024K, 14 young (14336K), 0 survivors (0K)
 Metaspace       used 6732K, capacity 6921K, committed 7168K, reserved 1056768K
  class space    used 582K, capacity 650K, committed 768K, reserved 1048576K
}
Event: 0.890 GC heap after
{Heap after GC invocations=1 (full 0):
 garbage-first heap   total 196608K, used 8143K [0x0000000080000000, 0x0000000100000000)
  region size 1024K, 2 young (2048K), 2 survivors (2048K)
 Metaspace       used 6732K, capacity 6921K, committed 7168K, reserved 1056768K
  class space    used 582K, capacity 650K, committed 768K, reserved 1048576K
}
Event: 1.405 GC heap before
{Heap before GC invocations=1 (full 0):
 garbage-first heap   total 196608K, used 19407K [0x0000000080000000, 0x0000000100000000)
  region size 1024K, 13 young (13312K), 2 survivors (2048K)
 Metaspace       used 10213K, capacity 10421K, committed 10624K, reserved 1058816K
  class space    used 1065K, capacity 1139K, committed 1152K, reserved 1048576K
}
Event: 1.410 GC heap after
{Heap after GC invocations=2 (full 0):
 garbage-first heap   total 196608K, used 9545K [0x0000000080000000, 0x0000000100000000)
  region size 1024K, 2 young (2048K), 2 survivors (2048K)
 Metaspace       used 10213K, capacity 10421K, committed 10624K, reserved 1058816K
  class space    used 1065K, capacity 1139K, committed 1152K, reserved 1048576K
}
Event: 2.185 GC heap before
{Heap before GC invocations=2 (full 0):
 garbage-first heap   total 196608K, used 38217K [0x0000000080000000, 0x0000000100000000)
  region size 1024K, 30 young (30720K), 2 survivors (2048K)
 Metaspace       used 11135K, capacity 11438K, committed 11520K, reserved 1058816K
  class space    used 1166K, capacity 1243K, committed 1280K, reserved 1048576K
}
Event: 2.189 GC heap after
{Heap after GC invocations=3 (full 0):
 garbage-first heap   total 196608K, used 11729K [0x0000000080000000, 0x0000000100000000)
  region size 1024K, 3 young (3072K), 3 survivors (3072K)
 Metaspace       used 11135K, capacity 11438K, committed 11520K, reserved 1058816K
  class space    used 1166K, capacity 1243K, committed 1280K, reserved 1048576K
}
Event: 5.607 GC heap before
{Heap before GC invocations=3 (full 0):
 garbage-first heap   total 196608K, used 73169K [0x0000000080000000, 0x0000000100000000)
  region size 1024K, 63 young (64512K), 3 survivors (3072K)
 Metaspace       used 19719K, capacity 20216K, committed 20224K, reserved 1067008K
  class space    used 2404K, capacity 2555K, committed 2560K, reserved 1048576K
}
Event: 5.620 GC heap after
{Heap after GC invocations=4 (full 0):
 garbage-first heap   total 196608K, used 16633K [0x0000000080000000, 0x0000000100000000)
  region size 1024K, 8 young (8192K), 8 survivors (8192K)
 Metaspace       used 19719K, capacity 20216K, committed 20224K, reserved 1067008K
  class space    used 2404K, capacity 2555K, committed 2560K, reserved 1048576K
}
Event: 5.756 GC heap before
{Heap before GC invocations=4 (full 0):
 garbage-first heap   total 196608K, used 20729K [0x0000000080000000, 0x0000000100000000)
  region size 1024K, 13 young (13312K), 8 survivors (8192K)
 Metaspace       used 20538K, capacity 21087K, committed 21248K, reserved 1067008K
  class space    used 2511K, capacity 2701K, committed 2816K, reserved 1048576K
}
Event: 5.769 GC heap after
{Heap after GC invocations=5 (full 0):
 garbage-first heap   total 196608K, used 17498K [0x0000000080000000, 0x0000000100000000)
  region size 1024K, 1 young (1024K), 1 survivors (1024K)
 Metaspace       used 20538K, capacity 21087K, committed 21248K, reserved 1067008K
  class space    used 2511K, capacity 2701K, committed 2816K, reserved 1048576K
}
Event: 7.051 GC heap before
{Heap before GC invocations=6 (full 0):
 garbage-first heap   total 196608K, used 77914K [0x0000000080000000, 0x0000000100000000)
  region size 1024K, 55 young (56320K), 1 survivors (1024K)
 Metaspace       used 26135K, capacity 26859K, committed 27008K, reserved 1073152K
  class space    used 3427K, capacity 3689K, committed 3712K, reserved 1048576K
}
Event: 7.068 GC heap after
{Heap after GC invocations=7 (full 0):
 garbage-first heap   total 196608K, used 25677K [0x0000000080000000, 0x0000000100000000)
  region size 1024K, 4 young (4096K), 4 survivors (4096K)
 Metaspace       used 26135K, capacity 26859K, committed 27008K, reserved 1073152K
  class space    used 3427K, capacity 3689K, committed 3712K, reserved 1048576K
}
Event: 9.229 GC heap before
{Heap before GC invocations=7 (full 0):
 garbage-first heap   total 196608K, used 94285K [0x0000000080000000, 0x0000000100000000)
  region size 1024K, 67 young (68608K), 4 survivors (4096K)
 Metaspace       used 34763K, capacity 35710K, committed 35840K, reserved 1081344K
  class space    used 4535K, capacity 4896K, committed 4992K, reserved 1048576K
}
Event: 9.249 GC heap after
{Heap after GC invocations=8 (full 0):
 garbage-first heap   total 196608K, used 35344K [0x0000000080000000, 0x0000000100000000)
  region size 1024K, 9 young (9216K), 9 survivors (9216K)
 Metaspace       used 34763K, capacity 35710K, committed 35840K, reserved 1081344K
  class space    used 4535K, capacity 4896K, committed 4992K, reserved 1048576K
}
Event: 10.910 GC heap before
{Heap before GC invocations=9 (full 0):
 garbage-first heap   total 196608K, used 109072K [0x0000000080000000, 0x0000000100000000)
  region size 1024K, 78 young (79872K), 9 survivors (9216K)
 Metaspace       used 41373K, capacity 42469K, committed 42752K, reserved 1085440K
  class space    used 5325K, capacity 5764K, committed 5888K, reserved 1048576K
}
Event: 10.936 GC heap after
{Heap after GC invocations=10 (full 0):
 garbage-first heap   total 196608K, used 39952K [0x0000000080000000, 0x0000000100000000)
  region size 1024K, 9 young (9216K), 9 survivors (9216K)
 Metaspace       used 41373K, capacity 42469K, committed 42752K, reserved 1085440K
  class space    used 5325K, capacity 5764K, committed 5888K, reserved 1048576K
}
Event: 12.874 GC heap before
{Heap before GC invocations=11 (full 0):
 garbage-first heap   total 196608K, used 137232K [0x0000000080000000, 0x0000000100000000)
  region size 1024K, 95 young (97280K), 9 survivors (9216K)
 Metaspace       used 46699K, capacity 48041K, committed 48256K, reserved 1091584K
  class space    used 5968K, capacity 6438K, committed 6528K, reserved 1048576K
}

