# JRE version: OpenJDK Runtime Environment (11.0.10) (build 11.0.10+0-b96-7249189)
# Java VM: OpenJDK 64-Bit Server VM (11.0.10+0-b96-7249189, mixed mode, tiered, compressed oops, g1 gc, windows-amd64)
Heap:
 garbage-first heap   total 236544K, used 154037K [0x0000000080000000, 0x0000000100000000)
  region size 1024K, 54 young (55296K), 7 survivors (7168K)
 Metaspace       used 124745K, capacity 128436K, committed 129656K, reserved 1161216K
  class space    used 15696K, capacity 17036K, committed 17280K, reserved 1048576K
GC Heap History (20 events):
Event: 1378.623 GC heap before
{Heap before GC invocations=62 (full 0):
 garbage-first heap   total 236544K, used 175201K [0x0000000080000000, 0x0000000100000000)
  region size 1024K, 60 young (61440K), 6 survivors (6144K)
 Metaspace       used 118603K, capacity 122255K, committed 122360K, reserved 1155072K
  class space    used 14912K, capacity 16282K, committed 16384K, reserved 1048576K
}
Event: 1378.646 GC heap after
{Heap after GC invocations=63 (full 0):
 garbage-first heap   total 236544K, used 107293K [0x0000000080000000, 0x0000000100000000)
  region size 1024K, 4 young (4096K), 4 survivors (4096K)
 Metaspace       used 118603K, capacity 122255K, committed 122360K, reserved 1155072K
  class space    used 14912K, capacity 16282K, committed 16384K, reserved 1048576K
}
Event: 1378.775 GC heap before
{Heap before GC invocations=63 (full 0):
 garbage-first heap   total 236544K, used 114461K [0x0000000080000000, 0x0000000100000000)
  region size 1024K, 11 young (11264K), 4 survivors (4096K)
 Metaspace       used 118613K, capacity 122256K, committed 122360K, reserved 1155072K
  class space    used 14912K, capacity 16282K, committed 16384K, reserved 1048576K
}
Event: 1378.803 GC heap after
{Heap after GC invocations=64 (full 0):
 garbage-first heap   total 236544K, used 97905K [0x0000000080000000, 0x0000000100000000)
  region size 1024K, 2 young (2048K), 2 survivors (2048K)
 Metaspace       used 118613K, capacity 122256K, committed 122360K, reserved 1155072K
  class space    used 14912K, capacity 16282K, committed 16384K, reserved 1048576K
}
Event: 1381.596 GC heap before
{Heap before GC invocations=64 (full 0):
 garbage-first heap   total 236544K, used 151153K [0x0000000080000000, 0x0000000100000000)
  region size 1024K, 56 young (57344K), 2 survivors (2048K)
 Metaspace       used 118651K, capacity 122339K, committed 122616K, reserved 1155072K
  class space    used 14914K, capacity 16285K, committed 16384K, reserved 1048576K
}
Event: 1381.609 GC heap after
{Heap after GC invocations=65 (full 0):
 garbage-first heap   total 236544K, used 100330K [0x0000000080000000, 0x0000000100000000)
  region size 1024K, 4 young (4096K), 4 survivors (4096K)
 Metaspace       used 118651K, capacity 122339K, committed 122616K, reserved 1155072K
  class space    used 14914K, capacity 16285K, committed 16384K, reserved 1048576K
}
Event: 3499.741 GC heap before
{Heap before GC invocations=66 (full 0):
 garbage-first heap   total 236544K, used 208874K [0x0000000080000000, 0x0000000100000000)
  region size 1024K, 70 young (71680K), 4 survivors (4096K)
 Metaspace       used 120163K, capacity 123990K, committed 124152K, reserved 1157120K
  class space    used 15172K, capacity 16589K, committed 16640K, reserved 1048576K
}
Event: 3499.756 GC heap after
{Heap after GC invocations=67 (full 0):
 garbage-first heap   total 236544K, used 116599K [0x0000000080000000, 0x0000000100000000)
  region size 1024K, 6 young (6144K), 6 survivors (6144K)
 Metaspace       used 120163K, capacity 123990K, committed 124152K, reserved 1157120K
  class space    used 15172K, capacity 16589K, committed 16640K, reserved 1048576K
}
Event: 3499.977 GC heap before
{Heap before GC invocations=67 (full 0):
 garbage-first heap   total 236544K, used 120695K [0x0000000080000000, 0x0000000100000000)
  region size 1024K, 11 young (11264K), 6 survivors (6144K)
 Metaspace       used 120978K, capacity 124790K, committed 125048K, reserved 1157120K
  class space    used 15325K, capacity 16749K, committed 16768K, reserved 1048576K
}
Event: 3499.993 GC heap after
{Heap after GC invocations=68 (full 0):
 garbage-first heap   total 236544K, used 112898K [0x0000000080000000, 0x0000000100000000)
  region size 1024K, 1 young (1024K), 1 survivors (1024K)
 Metaspace       used 120978K, capacity 124790K, committed 125048K, reserved 1157120K
  class space    used 15325K, capacity 16749K, committed 16768K, reserved 1048576K
}
Event: 3501.875 GC heap before
{Heap before GC invocations=68 (full 0):
 garbage-first heap   total 236544K, used 176386K [0x0000000080000000, 0x0000000100000000)
  region size 1024K, 63 young (64512K), 1 survivors (1024K)
 Metaspace       used 122075K, capacity 125823K, committed 125944K, reserved 1159168K
  class space    used 15464K, capacity 16880K, committed 16896K, reserved 1048576K
}
Event: 3501.887 GC heap after
{Heap after GC invocations=69 (full 0):
 garbage-first heap   total 236544K, used 114774K [0x0000000080000000, 0x0000000100000000)
  region size 1024K, 3 young (3072K), 3 survivors (3072K)
 Metaspace       used 122075K, capacity 125823K, committed 125944K, reserved 1159168K
  class space    used 15464K, capacity 16880K, committed 16896K, reserved 1048576K
}
Event: 3506.712 GC heap before
{Heap before GC invocations=70 (full 0):
 garbage-first heap   total 236544K, used 182358K [0x0000000080000000, 0x0000000100000000)
  region size 1024K, 67 young (68608K), 3 survivors (3072K)
 Metaspace       used 123275K, capacity 126645K, committed 127992K, reserved 1161216K
  class space    used 15516K, capacity 16805K, committed 17152K, reserved 1048576K
}
Event: 3506.731 GC heap after
{Heap after GC invocations=71 (full 0):
 garbage-first heap   total 236544K, used 120941K [0x0000000080000000, 0x0000000100000000)
  region size 1024K, 6 young (6144K), 6 survivors (6144K)
 Metaspace       used 123275K, capacity 126645K, committed 127992K, reserved 1161216K
  class space    used 15516K, capacity 16805K, committed 17152K, reserved 1048576K
}
Event: 3506.945 GC heap before
{Heap before GC invocations=71 (full 0):
 garbage-first heap   total 236544K, used 126061K [0x0000000080000000, 0x0000000100000000)
  region size 1024K, 11 young (11264K), 6 survivors (6144K)
 Metaspace       used 123362K, capacity 126718K, committed 128248K, reserved 1161216K
  class space    used 15521K, capacity 16807K, committed 17152K, reserved 1048576K
}
Event: 3507.001 GC heap after
{Heap after GC invocations=72 (full 0):
 garbage-first heap   total 236544K, used 104193K [0x0000000080000000, 0x0000000100000000)
  region size 1024K, 1 young (1024K), 1 survivors (1024K)
 Metaspace       used 123362K, capacity 126718K, committed 128248K, reserved 1161216K
  class space    used 15521K, capacity 16807K, committed 17152K, reserved 1048576K
}
Event: 3507.469 GC heap before
{Heap before GC invocations=72 (full 0):
 garbage-first heap   total 236544K, used 114433K [0x0000000080000000, 0x0000000100000000)
  region size 1024K, 11 young (11264K), 1 survivors (1024K)
 Metaspace       used 123851K, capacity 127338K, committed 128504K, reserved 1161216K
  class space    used 15576K, capacity 16902K, committed 17152K, reserved 1048576K
}
Event: 3507.492 GC heap after
{Heap after GC invocations=73 (full 0):
 garbage-first heap   total 236544K, used 102000K [0x0000000080000000, 0x0000000100000000)
  region size 1024K, 2 young (2048K), 2 survivors (2048K)
 Metaspace       used 123851K, capacity 127338K, committed 128504K, reserved 1161216K
  class space    used 15576K, capacity 16902K, committed 17152K, reserved 1048576K
}
Event: 3512.717 GC heap before
{Heap before GC invocations=73 (full 0):
 garbage-first heap   total 236544K, used 175728K [0x0000000080000000, 0x0000000100000000)
  region size 1024K, 74 young (75776K), 2 survivors (2048K)
 Metaspace       used 124672K, capacity 128252K, committed 129400K, reserved 1161216K
  class space    used 15683K, capacity 17016K, committed 17280K, reserved 1048576K
}
Event: 3512.746 GC heap after
{Heap after GC invocations=74 (full 0):
 garbage-first heap   total 236544K, used 106933K [0x0000000080000000, 0x0000000100000000)
  region size 1024K, 7 young (7168K), 7 survivors (7168K)
 Metaspace       used 124672K, capacity 128252K, committed 129400K, reserved 1161216K
  class space    used 15683K, capacity 17016K, committed 17280K, reserved 1048576K
}

